
> rpr-verify-frontend@0.0.0 start
> ng serve

- Generating browser application bundles (phase: setup)...
âœ” Browser application bundle generation complete.

Initial chunk files                                        | Names                                        |  Raw size
main.js                                                    | main                                         |   4.94 MB |
polyfills.js                                               | polyfills                                    | 239.45 kB |
styles.css, styles.js                                      | styles                                       | 153.70 kB |
runtime.js                                                 | runtime                                      |  12.91 kB |

                                                           | Initial total                                |   5.35 MB

Lazy chunk files                                           | Names                                        |  Raw size
src_app_features_verification_verification_component_ts.js | features-verification-verification-component |  30.17 kB |
src_app_features_resolution_resolution_component_ts.js     | features-resolution-resolution-component     |  22.00 kB |
src_app_features_information_information_ts.js             | features-information-information             |  20.31 kB |
src_app_features_transactions_transactions_component_ts.js | features-transactions-transactions-component |  18.86 kB |
src_app_features_dashboard_dashboard_component_ts.js       | features-dashboard-dashboard-component       |   8.23 kB |
src_app_features_login_login_component_ts.js               | features-login-login-component               |   1.82 kB |

Build at: 2025-12-30T01:09:34.222Z - Hash: c4b8be274d95902c - Time: 8484ms

./src/styles.scss - Warning: Module Warning (from ./node_modules/sass-loader/dist/cjs.js):
Deprecation Warning on line 1, column 8 of file:///app/frontend/src/styles.scss:1:8:
Sass @import rules are deprecated and will be removed in Dart Sass 3.0.0.

More info and automated migrator: https://sass-lang.com/d/import

1 | @import "tailwindcss";


src/styles.scss 2:9  root stylesheet




Error: [96msrc/app/features/login/login.component.ts[0m:[93m3[0m:[93m29[0m - [91merror[0m[90m TS2307: [0mCannot find module '../../core/services/auth.service' or its corresponding type declarations.

[7m3[0m import { AuthService } from '../../core/services/auth.service';
[7m [0m [91m                            ~~~~~~~~~~~~~~~~~~~~~~~~~~~~~~~~~~[0m


Error: [96msrc/app/features/login/login.component.ts[0m:[93m27[0m:[93m23[0m - [91merror[0m[90m NG2003: [0mNo suitable injection token for parameter 'authService' of class 'LoginComponent'.
  Consider using the @Inject decorator to specify an injection token.

[7m27[0m   constructor(private authService: AuthService) { }
[7m  [0m [91m                      ~~~~~~~~~~~[0m

  [96msrc/app/features/login/login.component.ts[0m:[93m27[0m:[93m36[0m
    [7m27[0m   constructor(private authService: AuthService) { }
    [7m  [0m [96m                                   ~~~~~~~~~~~[0m
    This type does not have a value, so it cannot be used as injection token.




** Angular Live Development Server is listening on localhost:4200, open your browser on http://localhost:4200/ **


âœ– Failed to compile.
âœ” Browser application bundle generation complete.

Initial chunk files | Names   | Raw size
runtime.js          | runtime | 12.91 kB |

9 unchanged chunks

Build at: 2025-12-30T01:09:35.159Z - Hash: d952f824b698fb88 - Time: 796ms

Error: [96msrc/app/features/login/login.component.ts[0m:[93m3[0m:[93m29[0m - [91merror[0m[90m TS2307: [0mCannot find module '../../core/services/auth.service' or its corresponding type declarations.

[7m3[0m import { AuthService } from '../../core/services/auth.service';
[7m [0m [91m                            ~~~~~~~~~~~~~~~~~~~~~~~~~~~~~~~~~~[0m


Error: [96msrc/app/features/login/login.component.ts[0m:[93m27[0m:[93m23[0m - [91merror[0m[90m NG2003: [0mNo suitable injection token for parameter 'authService' of class 'LoginComponent'.
  Consider using the @Inject decorator to specify an injection token.

[7m27[0m   constructor(private authService: AuthService) { }
[7m  [0m [91m                      ~~~~~~~~~~~[0m

  [96msrc/app/features/login/login.component.ts[0m:[93m27[0m:[93m36[0m
    [7m27[0m   constructor(private authService: AuthService) { }
    [7m  [0m [96m                                   ~~~~~~~~~~~[0m
    This type does not have a value, so it cannot be used as injection token.




âœ– Failed to compile.
âœ” Browser application bundle generation complete.

Initial chunk files                          | Names                          | Raw size
main.js                                      | main                           |  4.94 MB |
runtime.js                                   | runtime                        | 12.91 kB |

Lazy chunk files                             | Names                          | Raw size
src_app_features_audit_audit_component_ts.js | features-audit-audit-component | 13.78 kB |

8 unchanged chunks

Build at: 2025-12-30T01:10:39.553Z - Hash: a29d223a25005b6f - Time: 5256ms

Error: [96msrc/app/features/login/login.component.ts[0m:[93m3[0m:[93m29[0m - [91merror[0m[90m TS2307: [0mCannot find module '../../core/services/auth.service' or its corresponding type declarations.

[7m3[0m import { AuthService } from '../../core/services/auth.service';
[7m [0m [91m                            ~~~~~~~~~~~~~~~~~~~~~~~~~~~~~~~~~~[0m


Error: [96msrc/app/features/login/login.component.ts[0m:[93m27[0m:[93m23[0m - [91merror[0m[90m NG2003: [0mNo suitable injection token for parameter 'authService' of class 'LoginComponent'.
  Consider using the @Inject decorator to specify an injection token.

[7m27[0m   constructor(private authService: AuthService) { }
[7m  [0m [91m                      ~~~~~~~~~~~[0m

  [96msrc/app/features/login/login.component.ts[0m:[93m27[0m:[93m36[0m
    [7m27[0m   constructor(private authService: AuthService) { }
    [7m  [0m [96m                                   ~~~~~~~~~~~[0m
    This type does not have a value, so it cannot be used as injection token.




âœ– Failed to compile.
Terminated
